E:\MY_WORKSPACE\VS2012\打开双目摄像头\参考\STEREOVISION\STEREOVISION\DEBUG\STEREOVISION.PCH
E:\MY_WORKSPACE\VS2012\打开双目摄像头\参考\STEREOVISION\STEREOVISION\DEBUG\STDAFX.OBJ
E:\MY_WORKSPACE\VS2012\打开双目摄像头\参考\STEREOVISION\STEREOVISION\DEBUG\VC110.PDB
E:\MY_WORKSPACE\VS2012\打开双目摄像头\参考\STEREOVISION\STEREOVISION\DEBUG\CAMERADS.OBJ
E:\MY_WORKSPACE\VS2012\打开双目摄像头\参考\STEREOVISION\STEREOVISION\DEBUG\CVVIMAGE.OBJ
E:\MY_WORKSPACE\VS2012\打开双目摄像头\参考\STEREOVISION\STEREOVISION\DEBUG\PARAMSERVER.OBJ
E:\MY_WORKSPACE\VS2012\打开双目摄像头\参考\STEREOVISION\STEREOVISION\DEBUG\POINTCLOUDANALYZER.OBJ
E:\MY_WORKSPACE\VS2012\打开双目摄像头\参考\STEREOVISION\STEREOVISION\DEBUG\STEREOCALIB.OBJ
E:\MY_WORKSPACE\VS2012\打开双目摄像头\参考\STEREOVISION\STEREOVISION\DEBUG\STEREOMATCH.OBJ
E:\MY_WORKSPACE\VS2012\打开双目摄像头\参考\STEREOVISION\STEREOVISION\DEBUG\STEREOVISION.OBJ
E:\MY_WORKSPACE\VS2012\打开双目摄像头\参考\STEREOVISION\STEREOVISION\DEBUG\STEREOVISIONDLG.OBJ
E:\MY_WORKSPACE\VS2012\打开双目摄像头\参考\STEREOVISION\DEBUG\STEREOVISION.ILK
E:\MY_WORKSPACE\VS2012\打开双目摄像头\参考\STEREOVISION\DEBUG\STEREOVISION.EXE
E:\MY_WORKSPACE\VS2012\打开双目摄像头\参考\STEREOVISION\DEBUG\STEREOVISION.PDB
E:\MY_WORKSPACE\VS2012\打开双目摄像头\参考\STEREOVISION\STEREOVISION\DEBUG\STEREOVISION.RES
E:\My_workspace\VS2012\打开双目摄像头\参考\StereoVision\StereoVision\Debug\CameraDS.obj
E:\My_workspace\VS2012\打开双目摄像头\参考\StereoVision\StereoVision\Debug\CvvImage.obj
E:\My_workspace\VS2012\打开双目摄像头\参考\StereoVision\StereoVision\Debug\ParamServer.obj
E:\My_workspace\VS2012\打开双目摄像头\参考\StereoVision\StereoVision\Debug\PointCloudAnalyzer.obj
E:\My_workspace\VS2012\打开双目摄像头\参考\StereoVision\StereoVision\Debug\stdafx.obj
E:\My_workspace\VS2012\打开双目摄像头\参考\StereoVision\StereoVision\Debug\StereoCalib.obj
E:\My_workspace\VS2012\打开双目摄像头\参考\StereoVision\StereoVision\Debug\StereoMatch.obj
E:\My_workspace\VS2012\打开双目摄像头\参考\StereoVision\StereoVision\Debug\StereoVision.obj
E:\My_workspace\VS2012\打开双目摄像头\参考\StereoVision\StereoVision\Debug\StereoVisionDlg.obj
E:\My_workspace\VS2012\打开双目摄像头\参考\StereoVision\StereoVision\Debug\cl.command.1.tlog
E:\My_workspace\VS2012\打开双目摄像头\参考\StereoVision\StereoVision\Debug\CL.read.1.tlog
E:\My_workspace\VS2012\打开双目摄像头\参考\StereoVision\StereoVision\Debug\CL.write.1.tlog
E:\My_workspace\VS2012\打开双目摄像头\参考\StereoVision\StereoVision\Debug\link-cvtres.read.1.tlog
E:\My_workspace\VS2012\打开双目摄像头\参考\StereoVision\StereoVision\Debug\link-cvtres.write.1.tlog
E:\My_workspace\VS2012\打开双目摄像头\参考\StereoVision\StereoVision\Debug\link-mt.read.1.tlog
E:\My_workspace\VS2012\打开双目摄像头\参考\StereoVision\StereoVision\Debug\link-mt.write.1.tlog
E:\My_workspace\VS2012\打开双目摄像头\参考\StereoVision\StereoVision\Debug\link-rc.read.1.tlog
E:\My_workspace\VS2012\打开双目摄像头\参考\StereoVision\StereoVision\Debug\link-rc.write.1.tlog
E:\My_workspace\VS2012\打开双目摄像头\参考\StereoVision\StereoVision\Debug\link.command.1.tlog
E:\My_workspace\VS2012\打开双目摄像头\参考\StereoVision\StereoVision\Debug\link.read.1.tlog
E:\My_workspace\VS2012\打开双目摄像头\参考\StereoVision\StereoVision\Debug\link.write.1.tlog
E:\My_workspace\VS2012\打开双目摄像头\参考\StereoVision\StereoVision\Debug\rc.command.1.tlog
E:\My_workspace\VS2012\打开双目摄像头\参考\StereoVision\StereoVision\Debug\rc.read.1.tlog
E:\My_workspace\VS2012\打开双目摄像头\参考\StereoVision\StereoVision\Debug\rc.write.1.tlog
E:\My_workspace\VS2012\打开双目摄像头\参考\StereoVision\StereoVision\Debug\StereoVision.res
E:\My_workspace\VS2012\打开双目摄像头\参考\StereoVision\StereoVision\Debug\StereoVision.pch
E:\My_workspace\VS2012\打开双目摄像头\参考\StereoVision\StereoVision\Debug\vc110.idb
E:\My_workspace\VS2012\打开双目摄像头\参考\StereoVision\StereoVision\Debug\vc110.pdb
E:\My_workspace\VS2012\打开双目摄像头\参考\StereoVision\Debug\StereoVision.pdb
E:\My_workspace\VS2012\打开双目摄像头\参考\StereoVision\Debug\StereoVision.exe
E:\My_workspace\VS2012\打开双目摄像头\参考\StereoVision\Debug\StereoVision.ilk
